<?xml version="1.0" encoding="UTF-8"?>
<testng-results ignored="0" total="1" passed="1" failed="0" skipped="0">
  <reporter-output>
  </reporter-output>
  <suite started-at="2025-06-28T13:17:57 IST" name="Default suite" finished-at="2025-06-28T13:18:05 IST" duration-ms="7789">
    <groups>
    </groups>
    <test started-at="2025-06-28T13:17:57 IST" name="Default test" finished-at="2025-06-28T13:18:05 IST" duration-ms="7789">
      <class name="winnerxd.tests.VisualUITest">
        <test-method is-config="true" signature="launchApplication()[pri:0, instance:winnerxd.tests.VisualUITest@34123d65]" started-at="2025-06-28T13:17:57 IST" name="launchApplication" finished-at="2025-06-28T13:18:01 IST" duration-ms="3669" status="PASS">
          <reporter-output>
          </reporter-output>
        </test-method> <!-- launchApplication -->
        <test-method signature="testVisualElements()[pri:0, instance:winnerxd.tests.VisualUITest@34123d65]" started-at="2025-06-28T13:18:01 IST" name="testVisualElements" finished-at="2025-06-28T13:18:02 IST" duration-ms="742" status="PASS">
          <reporter-output>
          </reporter-output>
        </test-method> <!-- testVisualElements -->
        <test-method is-config="true" signature="tearDown()[pri:0, instance:winnerxd.tests.VisualUITest@34123d65]" started-at="2025-06-28T13:18:02 IST" name="tearDown" finished-at="2025-06-28T13:18:05 IST" duration-ms="3346" status="PASS">
          <reporter-output>
          </reporter-output>
        </test-method> <!-- tearDown -->
      </class> <!-- winnerxd.tests.VisualUITest -->
    </test> <!-- Default test -->
  </suite> <!-- Default suite -->
</testng-results>
